Ansys Lumerical 2020 R2 FDTD Solver Version 8.24.2387 (Windows 64bit)
 expires (month/day/year): 12/31/2035
using config file: Ansys Licensing set with ANSYSLMD_LICENSE_FILE
license host: 
current time: Sat Jun  7 20:29:50 2025
Running on host: DESKTOP-BFBDK9F
host available memory (GB): 1.162473
All processes are communicating and ready to proceed to simulation...
Running fsp file: C:\Program Files\Lumerical\v202\bin\fdtd-engine-msmpi.exe -t 1 -remote G:/1Learner_SCA/GitHub/Bragg_ECE_NEHU/Bragg_FDTD_unit_cell.fsp
Starting meshing
Simulation size in gridpoints: 1 x 150 x 60
Refined 0 mesh cells (0%)
Completed meshing!
Meshing complete in 0 seconds of CPU time
Starting meshing
Simulation size in gridpoints: 1 x 150 x 60
Refined 0 mesh cells (0%)
Completed meshing!
Meshing complete in 0.015625 seconds of CPU time
Starting meshing
Simulation size in gridpoints: 1 x 150 x 60
Refined 0 mesh cells (0%)
Completed meshing!
Meshing complete in 0 seconds of CPU time
number of processors is 2
processors are distributed as: 1x2x1
Running 3D Simulation
Starting meshing
Simulation size in gridpoints: 10 x 83 x 74
Refined 0 mesh cells (0%)
Completed meshing!
Meshing complete in 0.09375 seconds of CPU time
30560 30560
Starting meshing
Simulation size in gridpoints: 10 x 83 x 74
Refined 0 mesh cells (0%)
Completed meshing!
Meshing complete in 0.078125 seconds of CPU time
27920 27920
Starting meshing
Simulation size in gridpoints: 10 x 83 x 74
Refined 0 mesh cells (0%)
Completed meshing!
Meshing complete in 0.078125 seconds of CPU time
10320 10320
finished material properties
Meshing Time: 1.14089 seconds, Init Electrical Material Time: 0.0856889 seconds, Init Magnetic Material Time: 0.0001943
Using selected optimization level: 2
Selecting 3d kernel for splitFieldDirection=0 and optLevel=2
-----------------------------------------
Beginning initialization of 3D Simulation
Starting to add sources to simulation
Adding 3D Mode source propagating in X
Starting to add boundary conditions to simulation
Adding 3D Bloch BC
Adding 3D Bloch BC
Adding 3D PML BC
Adding 3D Parallel BC
Adding 3D PML BC
Adding 3D PML BC
Starting to add monitors to Simulation
Adding analysis monitor
Adding analysis monitor
Adding 3D Time monitor
Adding 3D Time monitor
Adding 3D Time monitor
Adding 3D Time monitor
Adding 3D Time monitor
Adding 3D Time monitor
Adding 3D Time monitor
Adding 3D Time monitor
Adding 3D Time monitor
Adding 3D Time monitor
Finished initialization of 3D Simulation
-----------------------------------------
All processes are communicating and ready to proceed to simulation...
Starting 85168 total iterations
0.056359% complete. Max time remaining: 8 mins, 8 secs. Auto Shutoff: 1
1.18354% complete. Max time remaining: 7 mins, 32 secs. Auto Shutoff: 1
2.38586% complete. Max time remaining: 7 mins, 37 secs. Auto Shutoff: 1
3.58819% complete. Max time remaining: 7 mins, 35 secs. Auto Shutoff: 1
4.79051% complete. Max time remaining: 7 mins, 35 secs. Auto Shutoff: 1.00151
5.99284% complete. Max time remaining: 7 mins, 30 secs. Auto Shutoff: 1.01637
7.19516% complete. Max time remaining: 7 mins, 21 secs. Auto Shutoff: 1.02614
8.39749% complete. Max time remaining: 7 mins, 17 secs. Auto Shutoff: 1.03159
9.59981% complete. Max time remaining: 7 mins, 8 secs. Auto Shutoff: 1.03231
10.8021% complete. Max time remaining: 7 mins, 2 secs. Auto Shutoff: 1.02822
12.0045% complete. Max time remaining: 6 mins, 57 secs. Auto Shutoff: 1.01966
13.2068% complete. Max time remaining: 6 mins, 51 secs. Auto Shutoff: 1.00725
14.4091% complete. Max time remaining: 6 mins, 45 secs. Auto Shutoff: 1.00116
15.6114% complete. Max time remaining: 6 mins, 38 secs. Auto Shutoff: 1.01782
16.8138% complete. Max time remaining: 6 mins, 32 secs. Auto Shutoff: 1.03487
18.0161% complete. Max time remaining: 6 mins, 28 secs. Auto Shutoff: 1.05103
19.2184% complete. Max time remaining: 6 mins, 23 secs. Auto Shutoff: 1.06512
20.4207% complete. Max time remaining: 6 mins, 16 secs. Auto Shutoff: 1.07608
21.6231% complete. Max time remaining: 6 mins, 9 secs. Auto Shutoff: 1.08312
22.8254% complete. Max time remaining: 6 mins, 2 secs. Auto Shutoff: 1.0857
24.0277% complete. Max time remaining: 5 mins, 56 secs. Auto Shutoff: 1.08318
25.23% complete. Max time remaining: 5 mins, 50 secs. Auto Shutoff: 1.0762
26.4324% complete. Max time remaining: 5 mins, 45 secs. Auto Shutoff: 1.06527
27.6347% complete. Max time remaining: 5 mins, 39 secs. Auto Shutoff: 1.05122
28.837% complete. Max time remaining: 5 mins, 34 secs. Auto Shutoff: 1.03507
30.0393% complete. Max time remaining: 5 mins, 29 secs. Auto Shutoff: 1.01802
31.2417% complete. Max time remaining: 5 mins, 24 secs. Auto Shutoff: 0.999751
32.444% complete. Max time remaining: 5 mins, 18 secs. Auto Shutoff: 1.00711
33.6463% complete. Max time remaining: 5 mins, 12 secs. Auto Shutoff: 1.01956
34.8486% complete. Max time remaining: 5 mins, 6 secs. Auto Shutoff: 1.02814
36.051% complete. Max time remaining: 5 mins, 0 secs. Auto Shutoff: 1.03227
37.2533% complete. Max time remaining: 4 mins, 54 secs. Auto Shutoff: 1.03159
38.4556% complete. Max time remaining: 4 mins, 48 secs. Auto Shutoff: 1.0262
39.6579% complete. Max time remaining: 4 mins, 42 secs. Auto Shutoff: 1.0153
40.8603% complete. Max time remaining: 4 mins, 36 secs. Auto Shutoff: 1.00163
42.0626% complete. Max time remaining: 4 mins, 31 secs. Auto Shutoff: 1.00577
43.2649% complete. Max time remaining: 4 mins, 25 secs. Auto Shutoff: 1.02267
44.4672% complete. Max time remaining: 4 mins, 19 secs. Auto Shutoff: 1.03959
45.6696% complete. Max time remaining: 4 mins, 14 secs. Auto Shutoff: 1.05528
46.8719% complete. Max time remaining: 4 mins, 9 secs. Auto Shutoff: 1.06859
48.0742% complete. Max time remaining: 4 mins, 4 secs. Auto Shutoff: 1.07851
49.2765% complete. Max time remaining: 3 mins, 59 secs. Auto Shutoff: 1.08466
50.4789% complete. Max time remaining: 3 mins, 54 secs. Auto Shutoff: 1.08546
51.6812% complete. Max time remaining: 3 mins, 49 secs. Auto Shutoff: 1.08164
52.8835% complete. Max time remaining: 3 mins, 43 secs. Auto Shutoff: 1.07347
54.0858% complete. Max time remaining: 3 mins, 38 secs. Auto Shutoff: 1.06156
55.2882% complete. Max time remaining: 3 mins, 32 secs. Auto Shutoff: 1.0468
56.4905% complete. Max time remaining: 3 mins, 27 secs. Auto Shutoff: 1.03027
57.6928% complete. Max time remaining: 3 mins, 21 secs. Auto Shutoff: 1.01151
58.8951% complete. Max time remaining: 3 mins, 15 secs. Auto Shutoff: 0.996365
60.0975% complete. Max time remaining: 3 mins, 9 secs. Auto Shutoff: 1.01097
61.2998% complete. Max time remaining: 3 mins, 3 secs. Auto Shutoff: 1.02243
62.5021% complete. Max time remaining: 2 mins, 57 secs. Auto Shutoff: 1.02976
63.7044% complete. Max time remaining: 2 mins, 51 secs. Auto Shutoff: 1.03257
64.9068% complete. Max time remaining: 2 mins, 45 secs. Auto Shutoff: 1.03053
66.1091% complete. Max time remaining: 2 mins, 40 secs. Auto Shutoff: 1.02295
67.3114% complete. Max time remaining: 2 mins, 34 secs. Auto Shutoff: 1.01176
68.5137% complete. Max time remaining: 2 mins, 28 secs. Auto Shutoff: 0.997278
69.7161% complete. Max time remaining: 2 mins, 22 secs. Auto Shutoff: 1.01049
70.9184% complete. Max time remaining: 2 mins, 17 secs. Auto Shutoff: 1.02752
72.1207% complete. Max time remaining: 2 mins, 11 secs. Auto Shutoff: 1.04423
73.323% complete. Max time remaining: 2 mins, 5 secs. Auto Shutoff: 1.05935
74.5254% complete. Max time remaining: 1 min, 60 secs. Auto Shutoff: 1.07285
75.7277% complete. Max time remaining: 1 min, 54 secs. Auto Shutoff: 1.08127
76.93% complete. Max time remaining: 1 min, 48 secs. Auto Shutoff: 1.08537
78.1323% complete. Max time remaining: 1 min, 43 secs. Auto Shutoff: 1.08485
79.1844% complete. Max time remaining: 1 min, 38 secs. Auto Shutoff: 1.08045
80.3867% complete. Max time remaining: 1 min, 32 secs. Auto Shutoff: 1.07154
81.589% complete. Max time remaining: 1 min, 27 secs. Auto Shutoff: 1.05903
82.7914% complete. Max time remaining: 1 min, 21 secs. Auto Shutoff: 1.04385
83.9937% complete. Max time remaining: 1 min, 15 secs. Auto Shutoff: 1.02713
85.196% complete. Max time remaining: 1 min, 9 secs. Auto Shutoff: 1.00843
86.3983% complete. Max time remaining: 1 min, 4 secs. Auto Shutoff: 0.999193
87.6007% complete. Max time remaining: 58 secs. Auto Shutoff: 1.01332
88.803% complete. Max time remaining: 53 secs. Auto Shutoff: 1.02407
90.0053% complete. Max time remaining: 47 secs. Auto Shutoff: 1.03063
91.2076% complete. Max time remaining: 41 secs. Auto Shutoff: 1.03257
92.41% complete. Max time remaining: 36 secs. Auto Shutoff: 1.02966
93.6123% complete. Max time remaining: 30 secs. Auto Shutoff: 1.02221
94.8146% complete. Max time remaining: 24 secs. Auto Shutoff: 1.00933
96.0169% complete. Max time remaining: 19 secs. Auto Shutoff: 0.997219
97.2193% complete. Max time remaining: 13 secs. Auto Shutoff: 1.01359
98.4216% complete. Max time remaining: 7 secs. Auto Shutoff: 1.03066
99.6239% complete. Max time remaining: 2 secs. Auto Shutoff: 1.04716
Completed 85168 iterations, or 1.249995e-12s of Simulation Time
Process 0 starting to collect data
    collecting monitor data
    collecting source data
Finished collecting data
Simulation completed successfully at: Sat Jun  7 20:37:39 2025
Overall wall time measurements in seconds: 471.729
    time to mesh and initialize: 1.39935
    time to run FDTD simulation: 466.582
    time to checkpoint simulation: 4e-07
    time to finalize data and save to files: 0.084591
    miscellaneous time: 3.66244
    FDTD solver speed on process 0: 11.2114 Mnodes/s
    total FDTD solver speed on 2 processes: 22.4227 Mnodes/s
